<?xml version="1.0" encoding="UTF-8"?>
<!-- Generated by org.testng.reporters.JUnitXMLReporter -->
<testsuite hostname="Vittal" ignored="0" name="Command line test" tests="6" failures="0" timestamp="2022-04-01T21:04:25 IST" time="0.076" errors="0">
  <testcase name="DeleteTwitter" time="0.007" classname="qaclickacademy.APITest"/>
  <testcase name="postJira" time="0.001" classname="qaclickacademy.APITest"/>
  <testcase name="IOSApp" time="0.001" classname="qaclickacademy.AppiumTest"/>
  <testcase name="nativeApp" time="0.001" classname="qaclickacademy.AppiumTest"/>
  <testcase name="BrowserAutomation" time="0.001" classname="qaclickacademy.SeleniumTest"/>
  <testcase name="elementUi" time="0.0" classname="qaclickacademy.SeleniumTest"/>
</testsuite> <!-- Command line test -->
