<?xml version="1.0" encoding="UTF-8"?>
<testng-results skipped="0" failed="0" ignored="0" total="1" passed="1">
  <reporter-output>
  </reporter-output>
  <suite name="Default suite" duration-ms="70" started-at="2022-03-21T19:55:13 IST" finished-at="2022-03-21T19:55:13 IST">
    <groups>
    </groups>
    <test name="Default test" duration-ms="70" started-at="2022-03-21T19:55:13 IST" finished-at="2022-03-21T19:55:13 IST">
      <class name="qaclickacademy.APITest">
        <test-method status="PASS" signature="BrowserAutomation()[pri:0, instance:qaclickacademy.APITest@5d76b067]" name="BrowserAutomation" duration-ms="11" started-at="2022-03-21T19:55:13 IST" finished-at="2022-03-21T19:55:13 IST">
          <reporter-output>
          </reporter-output>
        </test-method> <!-- BrowserAutomation -->
      </class> <!-- qaclickacademy.APITest -->
    </test> <!-- Default test -->
  </suite> <!-- Default suite -->
</testng-results>
